#
# There is insufficient memory for the Java Runtime Environment to continue.
# Native memory allocation (mmap) failed to map 268435456 bytes. Error detail: G1 virtual space
# Possible reasons:
#   The system is out of physical RAM or swap space
#   This process is running with CompressedOops enabled, and the Java Heap may be blocking the growth of the native heap
# Possible solutions:
#   Reduce memory load on the system
#   Increase physical memory or swap space
#   Check if swap backing store is full
#   Decrease Java heap size (-Xmx/-Xms)
#   Decrease number of Java threads
#   Decrease Java thread stack sizes (-Xss)
#   Set larger code cache with -XX:ReservedCodeCacheSize=
#   JVM is running with Zero Based Compressed Oops mode in which the Java heap is
#     placed in the first 32GB address space. The Java Heap base address is the
#     maximum limit for the native heap growth. Please use -XX:HeapBaseMinAddress
#     to set the Java Heap base and to place the Java Heap above 32GB virtual address.
# This output file may be truncated or incomplete.
#
#  Out of Memory Error (os_windows.cpp:3828), pid=36272, tid=28872
#
# JRE version:  (21.0.5+8) (build )
# Java VM: OpenJDK 64-Bit Server VM (21.0.5+8-b631.16, mixed mode, sharing, tiered, compressed oops, compressed class ptrs, g1 gc, windows-amd64)
# No core dump will be written. Minidumps are not enabled by default on client versions of Windows
#

---------------  S U M M A R Y ------------

Command Line: git4idea.http.GitAskPassApp Username for 'https://github.com': 

Host: Intel(R) Xeon(R) CPU E5-2640 v4 @ 2.40GHz, 8 cores, 15G,  Windows 10 , 64 bit Build 19041 (10.0.19041.5678)
Time: Sat May 10 16:09:00 2025 Altai Standard Time elapsed time: 0.018496 seconds (0d 0h 0m 0s)

---------------  T H R E A D  ---------------

Current thread (0x0000020fd9b82cb0):  JavaThread "Unknown thread" [_thread_in_vm, id=28872, stack(0x0000002b63300000,0x0000002b63400000) (1024K)]

Stack: [0x0000002b63300000,0x0000002b63400000]
Native frames: (J=compiled Java code, j=interpreted, Vv=VM code, C=native code)
V  [jvm.dll+0x6e52b9]
V  [jvm.dll+0x8c3633]
V  [jvm.dll+0x8c5b8e]
V  [jvm.dll+0x8c6273]
V  [jvm.dll+0x288f46]
V  [jvm.dll+0x6e1a35]
V  [jvm.dll+0x6d5e3a]
V  [jvm.dll+0x3634bb]
V  [jvm.dll+0x36b086]
V  [jvm.dll+0x3bd346]
V  [jvm.dll+0x3bd618]
V  [jvm.dll+0x335c2c]
V  [jvm.dll+0x33691b]
V  [jvm.dll+0x88aa89]
V  [jvm.dll+0x3ca518]
V  [jvm.dll+0x873b98]
V  [jvm.dll+0x45eede]
V  [jvm.dll+0x460bc1]
C  [jli.dll+0x52ab]
C  [ucrtbase.dll+0x21bb2]
C  [KERNEL32.DLL+0x17374]
C  [ntdll.dll+0x4cc91]


---------------  P R O C E S S  ---------------

Threads class SMR info:
_java_thread_list=0x00007ff90a49a148, length=0, elements={
}

Java Threads: ( => current thread )
Total: 0

Other Threads:
  0x0000020fdbe17fd0 WorkerThread "GC Thread#0"                     [id=11972, stack(0x0000002b63400000,0x0000002b63500000) (1024K)]
  0x0000020fdbe2a170 ConcurrentGCThread "G1 Main Marker"            [id=35412, stack(0x0000002b63500000,0x0000002b63600000) (1024K)]
  0x0000020fdbe2b410 WorkerThread "G1 Conc#0"                       [id=20528, stack(0x0000002b63600000,0x0000002b63700000) (1024K)]

[error occurred during error reporting (printing all threads), id 0xc0000005, EXCEPTION_ACCESS_VIOLATION (0xc0000005) at pc=0x00007ff909b88ce7]
VM state: not at safepoint (not fully initialized)

VM Mutex/Monitor currently owned by a thread:  ([mutex/lock_event])
[0x00007ff90a50eb30] Heap_lock - owner thread: 0x0000020fd9b82cb0

Heap address: 0x0000000700000000, size: 4096 MB, Compressed Oops mode: Zero based, Oop shift amount: 3

CDS archive(s) mapped at: [0x0000000000000000-0x0000000000000000-0x0000000000000000), size 0, SharedBaseAddress: 0x0000000800000000, ArchiveRelocationMode: 1.
Narrow klass base: 0x0000000000000000, Narrow klass shift: 0, Narrow klass range: 0x0

GC Precious Log:
 CardTable entry size: 512
 Card Set container configuration: InlinePtr #cards 4 size 8 Array Of Cards #cards 16 size 48 Howl #buckets 8 coarsen threshold 3686 Howl Bitmap #cards 512 size 80 coarsen threshold 460 Card regions per heap region 1 cards per card region 4096

Heap:
 garbage-first heap   total 0K, used 0K [0x0000000700000000, 0x0000000800000000)
  region size 2048K, 0 young (0K), 0 survivors (0K)
 Metaspace       used 0K, committed 0K, reserved 0K
  class space    used 0K, committed 0K, reserved 0K

Heap Regions: E=young(eden), S=young(survivor), O=old, HS=humongous(starts), HC=humongous(continues), CS=collection set, F=free, TAMS=top-at-mark-start, PB=parsable bottom

Card table byte_map: [0x0000020fef8a0000,0x0000020ff00a0000] _byte_map_base: 0x0000020fec0a0000

Marking Bits: (CMBitMap*) 0x0000020fdbe186d0
 Bits: [0x0000020ff00a0000, 0x0000020ff40a0000)

GC Heap History (0 events):
No events

Dll operation events (1 events):
Event: 0.011 Loaded shared library C:\Program Files\JetBrains\PyCharm Community Edition 2023.3.1\jbr\bin\java.dll

Deoptimization events (0 events):
No events

Classes loaded (0 events):
No events

Classes unloaded (0 events):
No events

Classes redefined (0 events):
No events

Internal exceptions (0 events):
No events

ZGC Phase Switch (0 events):
No events

VM Operations (0 events):
No events

Memory protections (0 events):
No events

Nmethod flushes (0 events):
No events

Events (0 events):
No events


Dynamic libraries:
0x00007ff7d1830000 - 0x00007ff7d183a000 	C:\Program Files\JetBrains\PyCharm Community Edition 2023.3.1\jbr\bin\java.exe
0x00007ff954c30000 - 0x00007ff954e28000 	C:\Windows\SYSTEM32\ntdll.dll
0x00007ff953df0000 - 0x00007ff953eb2000 	C:\Windows\System32\KERNEL32.DLL
0x00007ff952680000 - 0x00007ff952976000 	C:\Windows\System32\KERNELBASE.dll
0x00007ff952b50000 - 0x00007ff952c50000 	C:\Windows\System32\ucrtbase.dll
0x00007ff94be00000 - 0x00007ff94be1b000 	C:\Program Files\JetBrains\PyCharm Community Edition 2023.3.1\jbr\bin\VCRUNTIME140.dll
0x00007ff93b860000 - 0x00007ff93b878000 	C:\Program Files\JetBrains\PyCharm Community Edition 2023.3.1\jbr\bin\jli.dll
0x00007ff952e10000 - 0x00007ff952fad000 	C:\Windows\System32\USER32.dll
0x00007ff948d10000 - 0x00007ff948faa000 	C:\Windows\WinSxS\amd64_microsoft.windows.common-controls_6595b64144ccf1df_6.0.19041.4355_none_60b8b9eb71f62e16\COMCTL32.dll
0x00007ff952ad0000 - 0x00007ff952af2000 	C:\Windows\System32\win32u.dll
0x00007ff954340000 - 0x00007ff95436b000 	C:\Windows\System32\GDI32.dll
0x00007ff954010000 - 0x00007ff9540ae000 	C:\Windows\System32\msvcrt.dll
0x00007ff952980000 - 0x00007ff952a9a000 	C:\Windows\System32\gdi32full.dll
0x00007ff952420000 - 0x00007ff9524bd000 	C:\Windows\System32\msvcp_win.dll
0x00007ff954370000 - 0x00007ff95439f000 	C:\Windows\System32\IMM32.DLL
0x00007ff94bcd0000 - 0x00007ff94bcdc000 	C:\Program Files\JetBrains\PyCharm Community Edition 2023.3.1\jbr\bin\vcruntime140_1.dll
0x00007ff933e30000 - 0x00007ff933ebd000 	C:\Program Files\JetBrains\PyCharm Community Edition 2023.3.1\jbr\bin\msvcp140.dll
0x00007ff909840000 - 0x00007ff90a601000 	C:\Program Files\JetBrains\PyCharm Community Edition 2023.3.1\jbr\bin\server\jvm.dll
0x00007ff953630000 - 0x00007ff9536df000 	C:\Windows\System32\ADVAPI32.dll
0x00007ff9542a0000 - 0x00007ff95433f000 	C:\Windows\System32\sechost.dll
0x00007ff9536e0000 - 0x00007ff953803000 	C:\Windows\System32\RPCRT4.dll
0x00007ff952aa0000 - 0x00007ff952ac7000 	C:\Windows\System32\bcrypt.dll
0x00007ff953d80000 - 0x00007ff953deb000 	C:\Windows\System32\WS2_32.dll
0x00007ff952120000 - 0x00007ff95216b000 	C:\Windows\SYSTEM32\POWRPROF.dll
0x00007ff948fc0000 - 0x00007ff948fe7000 	C:\Windows\SYSTEM32\WINMM.dll
0x00007ff949260000 - 0x00007ff94926a000 	C:\Windows\SYSTEM32\VERSION.dll
0x00007ff952100000 - 0x00007ff952112000 	C:\Windows\SYSTEM32\UMPDC.dll
0x00007ff94ff80000 - 0x00007ff94ff92000 	C:\Windows\SYSTEM32\kernel.appcore.dll
0x00007ff94bcc0000 - 0x00007ff94bcca000 	C:\Program Files\JetBrains\PyCharm Community Edition 2023.3.1\jbr\bin\jimage.dll
0x00007ff94c120000 - 0x00007ff94c304000 	C:\Windows\SYSTEM32\DBGHELP.DLL
0x00007ff94c0e0000 - 0x00007ff94c114000 	C:\Windows\SYSTEM32\dbgcore.DLL
0x00007ff9525f0000 - 0x00007ff952672000 	C:\Windows\System32\bcryptPrimitives.dll
0x00007ff94b3b0000 - 0x00007ff94b3d0000 	C:\Program Files\JetBrains\PyCharm Community Edition 2023.3.1\jbr\bin\java.dll

dbghelp: loaded successfully - version: 4.0.5 - missing functions: none
symbol engine: initialized successfully - sym options: 0x614 - pdb path: .;C:\Program Files\JetBrains\PyCharm Community Edition 2023.3.1\jbr\bin;C:\Windows\SYSTEM32;C:\Windows\WinSxS\amd64_microsoft.windows.common-controls_6595b64144ccf1df_6.0.19041.4355_none_60b8b9eb71f62e16;C:\Program Files\JetBrains\PyCharm Community Edition 2023.3.1\jbr\bin\server

VM Arguments:
java_command: git4idea.http.GitAskPassApp Username for 'https://github.com': 
java_class_path (initial): C:/Program Files/JetBrains/PyCharm Community Edition 2023.3.1/plugins/vcs-git/lib/git4idea-rt.jar;C:/Program Files/JetBrains/PyCharm Community Edition 2023.3.1/lib/externalProcess-rt.jar
Launcher Type: SUN_STANDARD

[Global flags]
     intx CICompilerCount                          = 4                                         {product} {ergonomic}
     uint ConcGCThreads                            = 2                                         {product} {ergonomic}
     uint G1ConcRefinementThreads                  = 8                                         {product} {ergonomic}
   size_t G1HeapRegionSize                         = 2097152                                   {product} {ergonomic}
    uintx GCDrainStackTargetSize                   = 64                                        {product} {ergonomic}
   size_t InitialHeapSize                          = 268435456                                 {product} {ergonomic}
   size_t MarkStackSize                            = 4194304                                   {product} {ergonomic}
   size_t MaxHeapSize                              = 4294967296                                {product} {ergonomic}
   size_t MinHeapDeltaBytes                        = 2097152                                   {product} {ergonomic}
   size_t MinHeapSize                              = 8388608                                   {product} {ergonomic}
    uintx NonNMethodCodeHeapSize                   = 5839372                                {pd product} {ergonomic}
    uintx NonProfiledCodeHeapSize                  = 122909434                              {pd product} {ergonomic}
    uintx ProfiledCodeHeapSize                     = 122909434                              {pd product} {ergonomic}
    uintx ReservedCodeCacheSize                    = 251658240                              {pd product} {ergonomic}
     bool SegmentedCodeCache                       = true                                      {product} {ergonomic}
   size_t SoftMaxHeapSize                          = 4294967296                             {manageable} {ergonomic}
     bool UseCompressedOops                        = true                           {product lp64_product} {ergonomic}
     bool UseG1GC                                  = true                                      {product} {ergonomic}
     bool UseLargePagesIndividualAllocation        = false                                  {pd product} {ergonomic}

Logging:
Log output configuration:
 #0: stdout all=warning uptime,level,tags foldmultilines=false
 #1: stderr all=off uptime,level,tags foldmultilines=false

Environment Variables:
PATH=C:/Users/torbanaa22/AppData/Local/Programs/Git/mingw64/libexec/git-core;C:/Users/torbanaa22/AppData/Local/Programs/Git/mingw64/libexec/git-core;C:\Users\torbanaa22\AppData\Local\Programs\Git\mingw64\bin;C:\Users\torbanaa22\AppData\Local\Programs\Git\usr\bin;C:\Users\torbanaa22\bin;C:\Developers\taa2009\PyCharm\Yandex_Lyceum\Job\WEB_Project\.venv\Scripts;C:\Program Files\FireDaemon OpenSSL 3\bin\;c:\Users\torbanaa22\AppData\Roaming\Python\Python312;c:\Users\torbanaa22\AppData\Roaming\Python\Python312\Scripts\;C:\Program Files (x86)\Common Files\Oracle\Java\java8path;C:\Program Files (x86)\Common Files\Oracle\Java\javapath;C:\Program Files\Python312\;C:\Program Files\Python312\Scripts\;C:\Windows\system32;C:\Windows;C:\Windows\System32\Wbem;C:\Windows\System32\WindowsPowerShell\v1.0\;C:\Windows\System32\OpenSSH\;C:\Program Files\Microsoft SQL Server\150\Tools\Binn\;C:\Program Files\Microsoft SQL Server\Client SDK\ODBC\170\Tools\Binn\;C:\Program Files (x86)\Microsoft SQL Server\160\DTS\Binn\;C:\Program Files\dotnet\;C:\Users\torbanaa22\AppData\Local\Programs\Python\Python312\Scripts\;C:\Users\torbanaa22\AppData\Local\Programs\Python\Python312\;C:\Users\torbanaa22\AppData\Local\Microsoft\WindowsApps;C:\Users\torbanaa22\AppData\Local\Programs\Git\cmd
USERNAME=torbanaa22
DISPLAY=:0.0
LC_ALL=en_US.UTF-8
TERM=xterm-256color
TMPDIR=C:\Users\TORBAN~1\AppData\Local\Temp
OS=Windows_NT
PROCESSOR_IDENTIFIER=Intel64 Family 6 Model 79 Stepping 1, GenuineIntel
TMP=C:\Users\TORBAN~1\AppData\Local\Temp
TEMP=C:\Users\TORBAN~1\AppData\Local\Temp




Periodic native trim disabled

JNI global refs:
JNI global refs: 0, weak refs: 0

JNI global refs memory usage: 0, weak refs: 0

Process memory usage:
Resident Set Size: 10876K (0% of 16776244K total physical memory with 907120K free physical memory)

OOME stack traces (most recent first):
Classloader memory used:

---------------  S Y S T E M  ---------------

OS:
 Windows 10 , 64 bit Build 19041 (10.0.19041.5678)
OS uptime: 26 days 20:10 hours
VMWare virtualization detected

CPU: total 8 (initial active 8) (8 cores per cpu, 1 threads per core) family 6 model 79 stepping 1 microcode 0xb000040, cx8, cmov, fxsr, mmx, 3dnowpref, sse, sse2, sse3, ssse3, sse4.1, sse4.2, popcnt, lzcnt, tsc, tscinvbit, avx, avx2, aes, erms, clmul, bmi1, bmi2, adx, fma, vzeroupper, clflush, hv, rdtscp, f16c
Processor Information for all 8 processors :
  Max Mhz: 2397, Current Mhz: 2397, Mhz Limit: 2397

Memory: 4k page, system-wide physical 16383M (885M free)
TotalPageFile size 31728M (AvailPageFile size 69M)
current process WorkingSet (physical memory assigned to process): 10M, peak: 10M
current process commit charge ("private bytes"): 60M, peak: 316M

vm_info: OpenJDK 64-Bit Server VM (21.0.5+8-b631.16) for windows-amd64 JRE (21.0.5+8-b631.16), built on 2024-11-02 by "builduser" with MS VC++ 16.10 / 16.11 (VS2019)

END.
